<?xml version="1.0" encoding="UTF-8"?>
<testng-results ignored="0" total="2" passed="2" failed="0" skipped="0">
  <reporter-output>
  </reporter-output>
  <suite started-at="2022-05-06T12:03:05 IST" name="Suite" finished-at="2022-05-06T12:04:05 IST" duration-ms="59951">
    <groups>
    </groups>
    <test started-at="2022-05-06T12:03:05 IST" name="Test" finished-at="2022-05-06T12:04:05 IST" duration-ms="59951">
      <class name="MavenGitJenkins.TC_002">
        <test-method signature="testCase2()[pri:0, instance:MavenGitJenkins.TC_002@6631f5ca]" started-at="2022-05-06T12:03:05 IST" name="testCase2" finished-at="2022-05-06T12:03:34 IST" duration-ms="29069" status="PASS">
          <reporter-output>
          </reporter-output>
        </test-method> <!-- testCase2 -->
      </class> <!-- MavenGitJenkins.TC_002 -->
      <class name="MavenGitJenkins.TC_001">
        <test-method signature="testCase1()[pri:0, instance:MavenGitJenkins.TC_001@d29f28]" started-at="2022-05-06T12:03:34 IST" name="testCase1" finished-at="2022-05-06T12:04:05 IST" duration-ms="30781" status="PASS">
          <reporter-output>
          </reporter-output>
        </test-method> <!-- testCase1 -->
      </class> <!-- MavenGitJenkins.TC_001 -->
    </test> <!-- Test -->
  </suite> <!-- Suite -->
</testng-results>
